Running PRESTO HDLC
Compiling Entity Declaration G1
Compiling Architecture ARC of G1
Presto compilation completed successfully.
Loading db file '/packages/LabSoC/Synopsys/EDK/SAED32_EDK/lib/stdcell_rvt/db_ccs/saed32rvt_tt0p85v25c.db'
Information: Using CCS timing libraries. (TIM-024)
Loading db file '/packages/LabSoC/Synopsys/dc/Default/libraries/syn/gtech.db'
Loading db file '/packages/LabSoC/Synopsys/dc/Default/libraries/syn/standard.sldb'
  Loading link library 'saed32rvt_tt0p85v25c'
  Loading link library 'gtech'
Running PRESTO HDLC

Inferred memory devices in process
        in routine g1 line 17 in file
                '../g1.vhd'.
===============================================================================
|    Register Name    |   Type    | Width | Bus | MB | AR | AS | SR | SS | ST |
===============================================================================
|     s_local_reg     | Flip-flop |   1   |  N  | N  | N  | N  | N  | N  | N  |
===============================================================================
Presto compilation completed successfully.
Elaborated 1 design.
Current design is now 'g1'.
Current design is 'g1'.
Warning: Design rule attributes from the driving cell will be
        set on the port. (UID-401)
Warning: Design rule attributes from the driving cell will be
        set on the port. (UID-401)
Information: Evaluating DesignWare library utilization. (UISN-27)

============================================================================
| DesignWare Building Block Library  |         Version         | Available |
============================================================================
| Basic DW Building Blocks           | H-2013.03-DWBB_201303.5 |     *     |
| Licensed DW Building Blocks        |                         |           |
============================================================================



  Beginning Pass 1 Mapping
  ------------------------
  Processing 'g1'

  Updating timing information
Information: Updating design information... (UID-85)

  Beginning Mapping Optimizations  (Medium effort)
  -------------------------------

                                  TOTAL                                      
   ELAPSED            WORST NEG   SETUP    DESIGN                            
    TIME      AREA      SLACK     COST    RULE COST         ENDPOINT         
  --------- --------- --------- --------- --------- -------------------------
    0:00:03      11.4      0.00       0.0       0.0                          
    0:00:03      11.4      0.00       0.0       0.0                          
    0:00:03      11.4      0.00       0.0       0.0                          
    0:00:03      11.4      0.00       0.0       0.0                          
    0:00:03      11.4      0.00       0.0       0.0                          
    0:00:03      11.4      0.00       0.0       0.0                          
    0:00:03      11.4      0.00       0.0       0.0                          
    0:00:03      11.4      0.00       0.0       0.0                          
    0:00:03      11.4      0.00       0.0       0.0                          
    0:00:03      11.4      0.00       0.0       0.0                          
    0:00:03      11.4      0.00       0.0       0.0                          
    0:00:03      11.4      0.00       0.0       0.0                          



  Beginning Delay Optimization Phase
  ----------------------------------

                                  TOTAL                                      
   ELAPSED            WORST NEG   SETUP    DESIGN                            
    TIME      AREA      SLACK     COST    RULE COST         ENDPOINT         
  --------- --------- --------- --------- --------- -------------------------
    0:00:03      11.4      0.00       0.0       0.0                          
    0:00:03      11.4      0.00       0.0       0.0                          
    0:00:10      11.4      0.00       0.0       0.0                          


  Beginning Area-Recovery Phase  (cleanup)
  -----------------------------

                                  TOTAL                                      
   ELAPSED            WORST NEG   SETUP    DESIGN                            
    TIME      AREA      SLACK     COST    RULE COST         ENDPOINT         
  --------- --------- --------- --------- --------- -------------------------
    0:00:10      11.4      0.00       0.0       0.0                          
    0:00:10      11.4      0.00       0.0       0.0                          
    0:00:10      11.4      0.00       0.0       0.0                          
    0:00:10      11.4      0.00       0.0       0.0                          
    0:00:10      11.4      0.00       0.0       0.0                          
    0:00:10      11.4      0.00       0.0       0.0                          
    0:00:10      11.4      0.00       0.0       0.0                          
    0:00:10      11.4      0.00       0.0       0.0                          
    0:00:10      11.4      0.00       0.0       0.0                          
    0:00:10      11.4      0.00       0.0       0.0                          
    0:00:10      11.4      0.00       0.0       0.0                          

  Optimization Complete
  ---------------------
*******************
*** AREA REPORT ***
*******************
 
****************************************
Report : area
Design : g1
Version: H-2013.03-SP5-4
Date   : Tue Mar 29 16:06:05 2016
****************************************

Information: Updating design information... (UID-85)
Library(s) Used:

    saed32rvt_tt0p85v25c (File: /packages/LabSoC/Synopsys/EDK/SAED32_EDK/lib/stdcell_rvt/db_ccs/saed32rvt_tt0p85v25c.db)

Number of ports:                            3
Number of nets:                             4
Number of cells:                            2
Number of combinational cells:              1
Number of sequential cells:                 1
Number of macros/black boxes:               0
Number of buf/inv:                          0
Number of references:                       2

Combinational area:                  4.320448
Buf/Inv area:                        0.000000
Noncombinational area:               6.607744
Macro/Black Box area:                0.000000
Net Interconnect area:               0.433166

Total cell area:                    10.928192
Total area:                         11.361358
*********************
*** TIMING REPORT ***
*********************
 
****************************************
Report : timing
        -path full
        -delay max
        -max_paths 1
Design : g1
Version: H-2013.03-SP5-4
Date   : Tue Mar 29 16:06:05 2016
****************************************

Operating Conditions: tt0p85v25c   Library: saed32rvt_tt0p85v25c
Wire Load Model Mode: enclosed

  Startpoint: a (input port clocked by clk)
  Endpoint: s_local_reg
            (rising edge-triggered flip-flop clocked by clk)
  Path Group: clk
  Path Type: max

  Des/Clust/Port     Wire Load Model       Library
  ------------------------------------------------
  g1                 ForQA                 saed32rvt_tt0p85v25c

  Point                                    Incr       Path
  -----------------------------------------------------------
  clock clk (rise edge)                    0.00       0.00
  clock network delay (ideal)              0.00       0.00
  input external delay                     0.50       0.50 r
  a (in)                                   0.01       0.51 r
  U2/Y (XOR2X1_RVT)                        0.13       0.64 f
  s_local_reg/D (DFFX1_RVT)                0.01       0.65 f
  data arrival time                                   0.65

  clock clk (rise edge)                    2.00       2.00
  clock network delay (ideal)              0.00       2.00
  s_local_reg/CLK (DFFX1_RVT)              0.00       2.00 r
  library setup time                      -0.05       1.95
  data required time                                  1.95
  -----------------------------------------------------------
  data required time                                  1.95
  data arrival time                                  -0.65
  -----------------------------------------------------------
  slack (MET)                                         1.30


Writing verilog file '/homes/schei/git/digitalsystems/dclab/g1.dc-syn.1459260350/g1.v'.
Writing ddc file 'g1.ddc'.

Thank you...

